#
# There is insufficient memory for the Java Runtime Environment to continue.
# Native memory allocation (malloc) failed to allocate 1048576 bytes for AllocateHeap
# Possible reasons:
#   The system is out of physical RAM or swap space
#   The process is running with CompressedOops enabled, and the Java Heap may be blocking the growth of the native heap
# Possible solutions:
#   Reduce memory load on the system
#   Increase physical memory or swap space
#   Check if swap backing store is full
#   Decrease Java heap size (-Xmx/-Xms)
#   Decrease number of Java threads
#   Decrease Java thread stack sizes (-Xss)
#   Set larger code cache with -XX:ReservedCodeCacheSize=
#   JVM is running with Unscaled Compressed Oops mode in which the Java heap is
#     placed in the first 4GB address space. The Java Heap base address is the
#     maximum limit for the native heap growth. Please use -XX:HeapBaseMinAddress
#     to set the Java Heap base and to place the Java Heap above 4GB virtual address.
# This output file may be truncated or incomplete.
#
#  Out of Memory Error (memory/allocation.inline.hpp:61), pid=11660, tid=0x0000000000002a54
#
# JRE version:  (8.0_281-b09) (build )
# Java VM: Java HotSpot(TM) 64-Bit Server VM (25.281-b09 mixed mode windows-amd64 compressed oops)
# Failed to write core dump. Minidumps are not enabled by default on client versions of Windows
#

---------------  T H R E A D  ---------------

Current thread (0x000002e982d98000):  JavaThread "Unknown thread" [_thread_in_vm, id=10836, stack(0x000000f038300000,0x000000f038400000)]

Stack: [0x000000f038300000,0x000000f038400000]
Native frames: (J=compiled Java code, j=interpreted, Vv=VM code, C=native code)
V  [jvm.dll+0x32e5b9]
V  [jvm.dll+0x275012]
V  [jvm.dll+0x275cbd]
V  [jvm.dll+0x26c6f5]
V  [jvm.dll+0x509d]
V  [jvm.dll+0x3c8d4d]
V  [jvm.dll+0x3c9aca]
V  [jvm.dll+0x3c5a67]
V  [jvm.dll+0xfcaaf]
V  [jvm.dll+0x209a1b]
V  [jvm.dll+0x2383d7]
V  [jvm.dll+0x162566]
C  [java.exe+0x2312]
C  [java.exe+0x15f54]
C  [KERNEL32.DLL+0x11fe4]
C  [ntdll.dll+0x6ef91]


---------------  P R O C E S S  ---------------

Java Threads: ( => current thread )

Other Threads:

=>0x000002e982d98000 (exited) JavaThread "Unknown thread" [_thread_in_vm, id=10836, stack(0x000000f038300000,0x000000f038400000)]

VM state:not at safepoint (normal execution)

VM Mutex/Monitor currently owned by a thread: None

heap address: 0x0000000081e00000, size: 2018 MB, Compressed Oops mode: 32-bit
Narrow klass base: 0x0000000000000000, Narrow klass shift: 3
Compressed class space size: 1073741824 Address: 0x0000000100000000

Heap:
 PSYoungGen      total 38400K, used 665K [0x00000000d5f80000, 0x00000000d8a00000, 0x0000000100000000)
  eden space 33280K, 2% used [0x00000000d5f80000,0x00000000d6026670,0x00000000d8000000)
  from space 5120K, 0% used [0x00000000d8500000,0x00000000d8500000,0x00000000d8a00000)
  to   space 5120K, 0% used [0x00000000d8000000,0x00000000d8000000,0x00000000d8500000)
 ParOldGen       total 87552K, used 0K [0x0000000081e00000, 0x0000000087380000, 0x00000000d5f80000)
  object space 87552K, 0% used [0x0000000081e00000,0x0000000081e00000,0x0000000087380000)
 Metaspace       used 777K, capacity 4480K, committed 4480K, reserved 1056768K
  class space    used 76K, capacity 384K, committed 384K, reserved 1048576K

Card table byte_map: [0x000002e993b20000,0x000002e993f20000] byte_map_base: 0x000002e993711000

Marking Bits: (ParMarkBitMap*) 0x000000006ba26ff0
 Begin Bits: [0x000002e9941d0000, 0x000002e996158000)
 End Bits:   [0x000002e996158000, 0x000002e9980e0000)

Polling page: 0x000002e982cb0000

CodeCache: size=245760Kb used=328Kb max_used=328Kb free=245431Kb
 bounds [0x000002e984760000, 0x000002e9849d0000, 0x000002e993760000]
 total_blobs=58 nmethods=0 adapters=38
 compilation: enabled

Compilation events (0 events):
No events

GC Heap History (0 events):
No events

Deoptimization events (0 events):
No events

Classes redefined (0 events):
No events

Internal exceptions (0 events):
No events

Events (10 events):
Event: 0.026 loading class java/lang/Short
Event: 0.026 loading class java/lang/Short done
Event: 0.026 loading class java/lang/Integer
Event: 0.026 loading class java/lang/Integer done
Event: 0.026 loading class java/lang/Long
Event: 0.026 loading class java/lang/Long done
Event: 0.027 loading class java/lang/NullPointerException
Event: 0.027 loading class java/lang/NullPointerException done
Event: 0.027 loading class java/lang/ArithmeticException
Event: 0.027 loading class java/lang/ArithmeticException done


Dynamic libraries:
0x00007ff61b710000 - 0x00007ff61b757000 	C:\Program Files\Java\jdk1.8.0_281\bin\java.exe
0x00007ffc3fc80000 - 0x00007ffc3fe60000 	C:\Windows\SYSTEM32\ntdll.dll
0x00007ffc37850000 - 0x00007ffc37863000 	C:\Program Files\Avast Software\Avast\aswhook.dll
0x00007ffc3d900000 - 0x00007ffc3d9ae000 	C:\Windows\System32\KERNEL32.DLL
0x00007ffc3cee0000 - 0x00007ffc3d146000 	C:\Windows\System32\KERNELBASE.dll
0x00007ffc3da50000 - 0x00007ffc3daf1000 	C:\Windows\System32\ADVAPI32.dll
0x00007ffc3e590000 - 0x00007ffc3e62d000 	C:\Windows\System32\msvcrt.dll
0x00007ffc3de10000 - 0x00007ffc3de6b000 	C:\Windows\System32\sechost.dll
0x00007ffc3e010000 - 0x00007ffc3e12f000 	C:\Windows\System32\RPCRT4.dll
0x00007ffc3d260000 - 0x00007ffc3d3ef000 	C:\Windows\System32\USER32.dll
0x00007ffc3c180000 - 0x00007ffc3c1a0000 	C:\Windows\System32\win32u.dll
0x00007ffc3e490000 - 0x00007ffc3e4b8000 	C:\Windows\System32\GDI32.dll
0x00007ffc3c220000 - 0x00007ffc3c3b4000 	C:\Windows\System32\gdi32full.dll
0x00007ffc3c420000 - 0x00007ffc3c4bb000 	C:\Windows\System32\msvcp_win.dll
0x00007ffc3c080000 - 0x00007ffc3c176000 	C:\Windows\System32\ucrtbase.dll
0x00007ffc22b20000 - 0x00007ffc22d89000 	C:\Windows\WinSxS\amd64_microsoft.windows.common-controls_6595b64144ccf1df_6.0.16299.64_none_cc9304e22215ca8f\COMCTL32.dll
0x00007ffc3db00000 - 0x00007ffc3de08000 	C:\Windows\System32\combase.dll
0x00007ffc3c1a0000 - 0x00007ffc3c212000 	C:\Windows\System32\bcryptPrimitives.dll
0x00007ffc3d8d0000 - 0x00007ffc3d8fd000 	C:\Windows\System32\IMM32.DLL
0x00007ffc380d0000 - 0x00007ffc380e5000 	C:\Program Files\Java\jdk1.8.0_281\jre\bin\vcruntime140.dll
0x00007ffc26920000 - 0x00007ffc269bb000 	C:\Program Files\Java\jdk1.8.0_281\jre\bin\msvcp140.dll
0x000000006b240000 - 0x000000006ba9f000 	C:\Program Files\Java\jdk1.8.0_281\jre\bin\server\jvm.dll
0x00007ffc3d470000 - 0x00007ffc3d478000 	C:\Windows\System32\PSAPI.DLL
0x00007ffc2db60000 - 0x00007ffc2db69000 	C:\Windows\SYSTEM32\WSOCK32.dll
0x00007ffc3e410000 - 0x00007ffc3e47c000 	C:\Windows\System32\WS2_32.dll
0x00007ffc38ca0000 - 0x00007ffc38cc3000 	C:\Windows\SYSTEM32\WINMM.dll
0x00007ffc336d0000 - 0x00007ffc336da000 	C:\Windows\SYSTEM32\VERSION.dll
0x00007ffc38c70000 - 0x00007ffc38c9a000 	C:\Windows\SYSTEM32\WINMMBASE.dll
0x00007ffc3c4c0000 - 0x00007ffc3c50a000 	C:\Windows\System32\cfgmgr32.dll
0x00007ffc3c060000 - 0x00007ffc3c071000 	C:\Windows\System32\kernel.appcore.dll
0x00007ffc35340000 - 0x00007ffc35350000 	C:\Program Files\Java\jdk1.8.0_281\jre\bin\verify.dll
0x00007ffc2e5c0000 - 0x00007ffc2e5eb000 	C:\Program Files\Java\jdk1.8.0_281\jre\bin\java.dll
0x00007ffc2e590000 - 0x00007ffc2e5c0000 	C:\Program Files\Java\jdk1.8.0_281\jre\bin\instrument.dll
0x00007ffc351a0000 - 0x00007ffc351b8000 	C:\Program Files\Java\jdk1.8.0_281\jre\bin\zip.dll
0x00007ffc31780000 - 0x00007ffc31948000 	C:\Windows\SYSTEM32\dbghelp.dll

VM Arguments:
jvm_args: -javaagent:C:\Program Files\JetBrains\IntelliJ IDEA Community Edition 2021.1\lib\idea_rt.jar=53593:C:\Program Files\JetBrains\IntelliJ IDEA Community Edition 2021.1\bin -Dfile.encoding=UTF-8 
java_command: finalproject.Main
java_class_path (initial): C:\Program Files\Java\jdk1.8.0_281\jre\lib\charsets.jar;C:\Program Files\Java\jdk1.8.0_281\jre\lib\deploy.jar;C:\Program Files\Java\jdk1.8.0_281\jre\lib\ext\access-bridge-64.jar;C:\Program Files\Java\jdk1.8.0_281\jre\lib\ext\cldrdata.jar;C:\Program Files\Java\jdk1.8.0_281\jre\lib\ext\dnsns.jar;C:\Program Files\Java\jdk1.8.0_281\jre\lib\ext\jaccess.jar;C:\Program Files\Java\jdk1.8.0_281\jre\lib\ext\jfxrt.jar;C:\Program Files\Java\jdk1.8.0_281\jre\lib\ext\localedata.jar;C:\Program Files\Java\jdk1.8.0_281\jre\lib\ext\nashorn.jar;C:\Program Files\Java\jdk1.8.0_281\jre\lib\ext\sunec.jar;C:\Program Files\Java\jdk1.8.0_281\jre\lib\ext\sunjce_provider.jar;C:\Program Files\Java\jdk1.8.0_281\jre\lib\ext\sunmscapi.jar;C:\Program Files\Java\jdk1.8.0_281\jre\lib\ext\sunpkcs11.jar;C:\Program Files\Java\jdk1.8.0_281\jre\lib\ext\zipfs.jar;C:\Program Files\Java\jdk1.8.0_281\jre\lib\javaws.jar;C:\Program Files\Java\jdk1.8.0_281\jre\lib\jce.jar;C:\Program Files\Java\jdk1.8.0_281\jre\lib\jfr.jar;C:\Program Files\Java\jdk1.8.0_281\jre\lib\jfxswt.jar;C:\Program Files\Java\jdk1.8.0_281\jre\lib\jsse.jar;C:\Program Files\Java\jdk1.8.0_281\jre\lib\management-agent.jar;C:\Program Files\Java\jdk1.8.0_281\jre\lib\plugin.jar;C:\Program Files\Java\jdk1.8.0_281\jre\lib\resources.jar;C:\Program Files\Java\jdk1.8.0_281\jre\lib\rt.jar;C:\Users\User\Java\JavaCore\out\production\untitled104;C:\Program Files (x86)\MySQL\Connector J 8.0\mysql-connector-java-8.0.25.jar;C:\Program Files\JetBrains\IntelliJ IDEA Community Edition 2021.1\lib\idea_rt.jar
Launcher Type: SUN_STANDARD

Environment Variables:
PATH=C:\Program Files (x86)\Common Files\Oracle\Java\javapath;C:\Windows\system32;C:\Windows;C:\Windows\System32\Wbem;C:\Windows\System32\WindowsPowerShell\v1.0\;C:\Program Files\Sublime Text 3;C:\Program Files\Java\jdk1.8.0_281\bin;C:\Program Files\Git\cmd;C:\Program Files\MySQL\MySQL Shell 8.0\bin\;C:\Program Files\Sublime Text 3;C:\Program Files\Java\jdk1.8.0_281\bin
USERNAME=User
OS=Windows_NT
PROCESSOR_IDENTIFIER=Intel64 Family 6 Model 142 Stepping 9, GenuineIntel



---------------  S Y S T E M  ---------------

OS: Windows 10.0 , 64 bit Build 16299 (10.0.16299.15)

CPU:total 4 (initial active 4) (2 cores per cpu, 2 threads per core) family 6 model 142 stepping 9, cmov, cx8, fxsr, mmx, sse, sse2, sse3, ssse3, sse4.1, sse4.2, popcnt, avx, avx2, aes, clmul, erms, 3dnowpref, lzcnt, ht, tsc, tscinvbit, bmi1, bmi2, adx

Memory: 4k page, physical 8262884k(1488884k free), swap 8262884k(191952k free)

vm_info: Java HotSpot(TM) 64-Bit Server VM (25.281-b09) for windows-amd64 JRE (1.8.0_281-b09), built on Dec  9 2020 13:54:07 by "" with MS VC++ 15.9 (VS2017)

time: Wed Jun  2 10:37:42 2021
timezone: RTZ 2 (ceia)
elapsed time: 0.247648 seconds (0d 0h 0m 0s)

